<?xml version="1.0" encoding="UTF-8"?>
<!-- Generated by org.testng.reporters.JUnitReportReporter -->
<testsuite skipped="0" hostname="TP5VDIDEVTCM080" name="practisetests.BaseTest" tests="1" failures="0" timestamp="21 Mar 2018 08:30:45 GMT" time="2.840" errors="0">
  <testcase name="test" time="2.840" classname="practisetests.BaseTest"/>
</testsuite> <!-- practisetests.BaseTest -->
